{"time": "2025-06-05 20:12:28", "type": "SYSTEM", "user_id": null, "username": null, "action": "Инициализация", "details": "Запуск скрипта"}
{"time": "2025-06-05 20:12:28", "type": "SYSTEM", "user_id": null, "username": null, "action": "Бот запущен", "details": "Начало работы"}
{"time": "2025-06-05 20:12:28", "type": "SYSTEM", "user_id": null, "username": null, "action": "Загрузка данных", "details": "Данные пользователей загружены из user_data.json"}
{"time": "2025-06-05 20:12:28", "type": "SYSTEM", "user_id": null, "username": null, "action": "Конфигурация", "details": "Файл логов: logs\\bot_20250605_201228.log"}
{"time": "2025-06-05 20:12:28", "type": "SYSTEM", "user_id": null, "username": null, "action": "Лимиты", "details": "Максимум сообщений в цикле: 6"}
{"time": "2025-06-05 20:12:28", "type": "COMMAND", "user_id": 1460567609, "username": "gde_intel", "action": "Нажата кнопка 'Новый подсчет'", "details": null}
{"time": "2025-06-05 20:12:28", "type": "INFO", "user_id": 1460567609, "username": "gde_intel", "action": "Начат новый подсчет", "details": "Данные пользователя сброшены (кроме QR)"}
{"time": "2025-06-05 20:12:28", "type": "DEBUG", "user_id": 1460567609, "username": null, "action": "Состояние", "details": "Сообщений: 0, Категорий: 0"}
{"time": "2025-06-05 20:12:47", "type": "MESSAGE", "user_id": 1460567609, "username": "gde_intel", "action": "Получено сообщение", "details": "Текст: Общий ВАЛ - 12464\nАТТ Пиво - 14\nАТТ ПД - 28\nАТТ Шейк БА - 27\nАТТ Моджо - 36\nВал Пиво - 322\nВал Сидр - 24\nВал Вода - 702\nВал Рево - 1399\nИдеальные ТТ - 5"}
{"time": "2025-06-05 20:12:47", "type": "DEBUG", "user_id": 1460567609, "username": "gde_intel", "action": "Разбор сообщения", "details": "Количество строк: 10"}
{"time": "2025-06-05 20:12:47", "type": "DEBUG", "user_id": 1460567609, "username": "gde_intel", "action": "Обработка строки", "details": "Строка 1: Общий ВАЛ - 12464"}
{"time": "2025-06-05 20:12:47", "type": "DEBUG", "user_id": null, "username": null, "action": "Поиск похожей категории", "details": "Похожих категорий для 'Общий ВАЛ' не найдено (порог 0.9). Создается новая."}
{"time": "2025-06-05 20:12:47", "type": "DEBUG", "user_id": 1460567609, "username": "gde_intel", "action": "Новое значение", "details": "Общий ВАЛ: 12464"}
{"time": "2025-06-05 20:12:47", "type": "DEBUG", "user_id": 1460567609, "username": "gde_intel", "action": "Обработка строки", "details": "Строка 2: АТТ Пиво - 14"}
{"time": "2025-06-05 20:12:47", "type": "DEBUG", "user_id": null, "username": null, "action": "Поиск похожей категории", "details": "Похожих категорий для 'АТТ Пиво' не найдено (порог 0.9). Создается новая."}
{"time": "2025-06-05 20:12:47", "type": "DEBUG", "user_id": 1460567609, "username": "gde_intel", "action": "Новое значение", "details": "АТТ Пиво: 14"}
{"time": "2025-06-05 20:12:47", "type": "DEBUG", "user_id": 1460567609, "username": "gde_intel", "action": "Обработка строки", "details": "Строка 3: АТТ ПД - 28"}
{"time": "2025-06-05 20:12:47", "type": "DEBUG", "user_id": null, "username": null, "action": "Поиск похожей категории", "details": "Похожих категорий для 'АТТ ПД' не найдено (порог 0.9). Создается новая."}
{"time": "2025-06-05 20:12:47", "type": "DEBUG", "user_id": 1460567609, "username": "gde_intel", "action": "Новое значение", "details": "АТТ ПД: 28"}
{"time": "2025-06-05 20:12:47", "type": "DEBUG", "user_id": 1460567609, "username": "gde_intel", "action": "Обработка строки", "details": "Строка 4: АТТ Шейк БА - 27"}
{"time": "2025-06-05 20:12:47", "type": "DEBUG", "user_id": null, "username": null, "action": "Поиск похожей категории", "details": "Похожих категорий для 'АТТ Шейк БА' не найдено (порог 0.9). Создается новая."}
{"time": "2025-06-05 20:12:47", "type": "DEBUG", "user_id": 1460567609, "username": "gde_intel", "action": "Новое значение", "details": "АТТ Шейк БА: 27"}
{"time": "2025-06-05 20:12:47", "type": "DEBUG", "user_id": 1460567609, "username": "gde_intel", "action": "Обработка строки", "details": "Строка 5: АТТ Моджо - 36"}
{"time": "2025-06-05 20:12:47", "type": "DEBUG", "user_id": null, "username": null, "action": "Поиск похожей категории", "details": "Похожих категорий для 'АТТ Моджо' не найдено (порог 0.9). Создается новая."}
{"time": "2025-06-05 20:12:47", "type": "DEBUG", "user_id": 1460567609, "username": "gde_intel", "action": "Новое значение", "details": "АТТ Моджо: 36"}
{"time": "2025-06-05 20:12:47", "type": "DEBUG", "user_id": 1460567609, "username": "gde_intel", "action": "Обработка строки", "details": "Строка 6: Вал Пиво - 322"}
{"time": "2025-06-05 20:12:47", "type": "DEBUG", "user_id": null, "username": null, "action": "Поиск похожей категории", "details": "Похожих категорий для 'Вал Пиво' не найдено (порог 0.9). Создается новая."}
{"time": "2025-06-05 20:12:47", "type": "DEBUG", "user_id": 1460567609, "username": "gde_intel", "action": "Новое значение", "details": "Вал Пиво: 322"}
{"time": "2025-06-05 20:12:47", "type": "DEBUG", "user_id": 1460567609, "username": "gde_intel", "action": "Обработка строки", "details": "Строка 7: Вал Сидр - 24"}
{"time": "2025-06-05 20:12:47", "type": "DEBUG", "user_id": null, "username": null, "action": "Поиск похожей категории", "details": "Похожих категорий для 'Вал Сидр' не найдено (порог 0.9). Создается новая."}
{"time": "2025-06-05 20:12:47", "type": "DEBUG", "user_id": 1460567609, "username": "gde_intel", "action": "Новое значение", "details": "Вал Сидр: 24"}
{"time": "2025-06-05 20:12:47", "type": "DEBUG", "user_id": 1460567609, "username": "gde_intel", "action": "Обработка строки", "details": "Строка 8: Вал Вода - 702"}
{"time": "2025-06-05 20:12:47", "type": "DEBUG", "user_id": null, "username": null, "action": "Поиск похожей категории", "details": "Похожих категорий для 'Вал Вода' не найдено (порог 0.9). Создается новая."}
{"time": "2025-06-05 20:12:47", "type": "DEBUG", "user_id": 1460567609, "username": "gde_intel", "action": "Новое значение", "details": "Вал Вода: 702"}
{"time": "2025-06-05 20:12:47", "type": "DEBUG", "user_id": 1460567609, "username": "gde_intel", "action": "Обработка строки", "details": "Строка 9: Вал Рево - 1399"}
{"time": "2025-06-05 20:12:47", "type": "DEBUG", "user_id": null, "username": null, "action": "Поиск похожей категории", "details": "Похожих категорий для 'Вал Рево' не найдено (порог 0.9). Создается новая."}
{"time": "2025-06-05 20:12:47", "type": "DEBUG", "user_id": 1460567609, "username": "gde_intel", "action": "Новое значение", "details": "Вал Рево: 1399"}
{"time": "2025-06-05 20:12:47", "type": "DEBUG", "user_id": 1460567609, "username": "gde_intel", "action": "Обработка строки", "details": "Строка 10: Идеальные ТТ - 5"}
{"time": "2025-06-05 20:12:47", "type": "DEBUG", "user_id": null, "username": null, "action": "Поиск похожей категории", "details": "Похожих категорий для 'Идеальные ТТ' не найдено (порог 0.9). Создается новая."}
{"time": "2025-06-05 20:12:47", "type": "DEBUG", "user_id": 1460567609, "username": "gde_intel", "action": "Новое значение", "details": "Идеальные ТТ: 5"}
{"time": "2025-06-05 20:12:47", "type": "INFO", "user_id": 1460567609, "username": "gde_intel", "action": "Обработаны значения", "details": "Общий ВАЛ: 12464, АТТ Пиво: 14, АТТ ПД: 28, АТТ Шейк БА: 27, АТТ Моджо: 36, Вал Пиво: 322, Вал Сидр: 24, Вал Вода: 702, Вал Рево: 1399, Идеальные ТТ: 5"}
{"time": "2025-06-05 20:12:47", "type": "DEBUG", "user_id": 1460567609, "username": null, "action": "Состояние", "details": "Сообщений: 1, Категорий: 10"}
{"time": "2025-06-05 20:12:47", "type": "DEBUG", "user_id": 1460567609, "username": null, "action": "Значения", "details": "Общий ВАЛ=12464, АТТ Пиво=14, АТТ ПД=28, АТТ Шейк БА=27, АТТ Моджо=36, Вал Пиво=322, Вал Сидр=24, Вал Вода=702, Вал Рево=1399, Идеальные ТТ=5"}
{"time": "2025-06-05 20:12:48", "type": "MESSAGE", "user_id": 1460567609, "username": "gde_intel", "action": "Получено сообщение", "details": "Текст: Общий ВАЛ - 12464\nАТТ Пиво - 14\nАТТ ПД - 28\nАТТ Шейк БА - 27\nАТТ Моджо - 36\nВал Пиво - 322\nВал Сидр - 24\nВал Вода - 702\nВал Рево - 1399\nИдеальные ТТ - 5"}
{"time": "2025-06-05 20:12:48", "type": "DEBUG", "user_id": 1460567609, "username": "gde_intel", "action": "Разбор сообщения", "details": "Количество строк: 10"}
{"time": "2025-06-05 20:12:48", "type": "DEBUG", "user_id": 1460567609, "username": "gde_intel", "action": "Обработка строки", "details": "Строка 1: Общий ВАЛ - 12464"}
{"time": "2025-06-05 20:12:48", "type": "DEBUG", "user_id": null, "username": null, "action": "Поиск похожей категории", "details": "Найдено точное совпадение нормализованных имен: 'Общий ВАЛ' -> 'Общий ВАЛ'"}
{"time": "2025-06-05 20:12:48", "type": "DEBUG", "user_id": 1460567609, "username": "gde_intel", "action": "Обновление значения", "details": "Общий ВАЛ: 12464 + 12464 = 24928"}
{"time": "2025-06-05 20:12:48", "type": "DEBUG", "user_id": 1460567609, "username": "gde_intel", "action": "Обработка строки", "details": "Строка 2: АТТ Пиво - 14"}
{"time": "2025-06-05 20:12:48", "type": "DEBUG", "user_id": null, "username": null, "action": "Поиск похожей категории", "details": "Найдено точное совпадение нормализованных имен: 'АТТ Пиво' -> 'АТТ Пиво'"}
{"time": "2025-06-05 20:12:48", "type": "DEBUG", "user_id": 1460567609, "username": "gde_intel", "action": "Обновление значения", "details": "АТТ Пиво: 14 + 14 = 28"}
{"time": "2025-06-05 20:12:48", "type": "DEBUG", "user_id": 1460567609, "username": "gde_intel", "action": "Обработка строки", "details": "Строка 3: АТТ ПД - 28"}
{"time": "2025-06-05 20:12:48", "type": "DEBUG", "user_id": null, "username": null, "action": "Поиск похожей категории", "details": "Найдено точное совпадение нормализованных имен: 'АТТ ПД' -> 'АТТ ПД'"}
{"time": "2025-06-05 20:12:48", "type": "DEBUG", "user_id": 1460567609, "username": "gde_intel", "action": "Обновление значения", "details": "АТТ ПД: 28 + 28 = 56"}
{"time": "2025-06-05 20:12:48", "type": "DEBUG", "user_id": 1460567609, "username": "gde_intel", "action": "Обработка строки", "details": "Строка 4: АТТ Шейк БА - 27"}
{"time": "2025-06-05 20:12:48", "type": "DEBUG", "user_id": null, "username": null, "action": "Поиск похожей категории", "details": "Найдено точное совпадение нормализованных имен: 'АТТ Шейк БА' -> 'АТТ Шейк БА'"}
{"time": "2025-06-05 20:12:48", "type": "DEBUG", "user_id": 1460567609, "username": "gde_intel", "action": "Обновление значения", "details": "АТТ Шейк БА: 27 + 27 = 54"}
{"time": "2025-06-05 20:12:48", "type": "DEBUG", "user_id": 1460567609, "username": "gde_intel", "action": "Обработка строки", "details": "Строка 5: АТТ Моджо - 36"}
{"time": "2025-06-05 20:12:48", "type": "DEBUG", "user_id": null, "username": null, "action": "Поиск похожей категории", "details": "Найдено точное совпадение нормализованных имен: 'АТТ Моджо' -> 'АТТ Моджо'"}
{"time": "2025-06-05 20:12:48", "type": "DEBUG", "user_id": 1460567609, "username": "gde_intel", "action": "Обновление значения", "details": "АТТ Моджо: 36 + 36 = 72"}
{"time": "2025-06-05 20:12:48", "type": "DEBUG", "user_id": 1460567609, "username": "gde_intel", "action": "Обработка строки", "details": "Строка 6: Вал Пиво - 322"}
{"time": "2025-06-05 20:12:48", "type": "DEBUG", "user_id": null, "username": null, "action": "Поиск похожей категории", "details": "Найдено точное совпадение нормализованных имен: 'Вал Пиво' -> 'Вал Пиво'"}
{"time": "2025-06-05 20:12:48", "type": "DEBUG", "user_id": 1460567609, "username": "gde_intel", "action": "Обновление значения", "details": "Вал Пиво: 322 + 322 = 644"}
{"time": "2025-06-05 20:12:48", "type": "DEBUG", "user_id": 1460567609, "username": "gde_intel", "action": "Обработка строки", "details": "Строка 7: Вал Сидр - 24"}
{"time": "2025-06-05 20:12:48", "type": "DEBUG", "user_id": null, "username": null, "action": "Поиск похожей категории", "details": "Найдено точное совпадение нормализованных имен: 'Вал Сидр' -> 'Вал Сидр'"}
{"time": "2025-06-05 20:12:48", "type": "DEBUG", "user_id": 1460567609, "username": "gde_intel", "action": "Обновление значения", "details": "Вал Сидр: 24 + 24 = 48"}
{"time": "2025-06-05 20:12:48", "type": "DEBUG", "user_id": 1460567609, "username": "gde_intel", "action": "Обработка строки", "details": "Строка 8: Вал Вода - 702"}
{"time": "2025-06-05 20:12:48", "type": "DEBUG", "user_id": null, "username": null, "action": "Поиск похожей категории", "details": "Найдено точное совпадение нормализованных имен: 'Вал Вода' -> 'Вал Вода'"}
{"time": "2025-06-05 20:12:48", "type": "DEBUG", "user_id": 1460567609, "username": "gde_intel", "action": "Обновление значения", "details": "Вал Вода: 702 + 702 = 1404"}
{"time": "2025-06-05 20:12:48", "type": "DEBUG", "user_id": 1460567609, "username": "gde_intel", "action": "Обработка строки", "details": "Строка 9: Вал Рево - 1399"}
{"time": "2025-06-05 20:12:48", "type": "DEBUG", "user_id": null, "username": null, "action": "Поиск похожей категории", "details": "Найдено точное совпадение нормализованных имен: 'Вал Рево' -> 'Вал Рево'"}
{"time": "2025-06-05 20:12:48", "type": "DEBUG", "user_id": 1460567609, "username": "gde_intel", "action": "Обновление значения", "details": "Вал Рево: 1399 + 1399 = 2798"}
{"time": "2025-06-05 20:12:48", "type": "DEBUG", "user_id": 1460567609, "username": "gde_intel", "action": "Обработка строки", "details": "Строка 10: Идеальные ТТ - 5"}
{"time": "2025-06-05 20:12:48", "type": "DEBUG", "user_id": null, "username": null, "action": "Поиск похожей категории", "details": "Найдено точное совпадение нормализованных имен: 'Идеальные ТТ' -> 'Идеальные ТТ'"}
{"time": "2025-06-05 20:12:48", "type": "DEBUG", "user_id": 1460567609, "username": "gde_intel", "action": "Обновление значения", "details": "Идеальные ТТ: 5 + 5 = 10"}
{"time": "2025-06-05 20:12:48", "type": "INFO", "user_id": 1460567609, "username": "gde_intel", "action": "Обработаны значения", "details": "Общий ВАЛ: 12464, АТТ Пиво: 14, АТТ ПД: 28, АТТ Шейк БА: 27, АТТ Моджо: 36, Вал Пиво: 322, Вал Сидр: 24, Вал Вода: 702, Вал Рево: 1399, Идеальные ТТ: 5"}
{"time": "2025-06-05 20:12:48", "type": "DEBUG", "user_id": 1460567609, "username": null, "action": "Состояние", "details": "Сообщений: 2, Категорий: 10"}
{"time": "2025-06-05 20:12:48", "type": "DEBUG", "user_id": 1460567609, "username": null, "action": "Значения", "details": "Общий ВАЛ=24928, АТТ Пиво=28, АТТ ПД=56, АТТ Шейк БА=54, АТТ Моджо=72, Вал Пиво=644, Вал Сидр=48, Вал Вода=1404, Вал Рево=2798, Идеальные ТТ=10"}
{"time": "2025-06-05 20:12:49", "type": "MESSAGE", "user_id": 1460567609, "username": "gde_intel", "action": "Получено сообщение", "details": "Текст: Общий ВАЛ - 12464\nАТТ Пиво - 14\nАТТ ПД - 28\nАТТ Шейк БА - 27\nАТТ Моджо - 36\nВал Пиво - 322\nВал Сидр - 24\nВал Вода - 702\nВал Рево - 1399\nИдеальные ТТ - 5"}
{"time": "2025-06-05 20:12:49", "type": "DEBUG", "user_id": 1460567609, "username": "gde_intel", "action": "Разбор сообщения", "details": "Количество строк: 10"}
{"time": "2025-06-05 20:12:49", "type": "DEBUG", "user_id": 1460567609, "username": "gde_intel", "action": "Обработка строки", "details": "Строка 1: Общий ВАЛ - 12464"}
{"time": "2025-06-05 20:12:49", "type": "DEBUG", "user_id": null, "username": null, "action": "Поиск похожей категории", "details": "Найдено точное совпадение нормализованных имен: 'Общий ВАЛ' -> 'Общий ВАЛ'"}
{"time": "2025-06-05 20:12:49", "type": "DEBUG", "user_id": 1460567609, "username": "gde_intel", "action": "Обновление значения", "details": "Общий ВАЛ: 24928 + 12464 = 37392"}
{"time": "2025-06-05 20:12:49", "type": "DEBUG", "user_id": 1460567609, "username": "gde_intel", "action": "Обработка строки", "details": "Строка 2: АТТ Пиво - 14"}
{"time": "2025-06-05 20:12:49", "type": "DEBUG", "user_id": null, "username": null, "action": "Поиск похожей категории", "details": "Найдено точное совпадение нормализованных имен: 'АТТ Пиво' -> 'АТТ Пиво'"}
{"time": "2025-06-05 20:12:49", "type": "DEBUG", "user_id": 1460567609, "username": "gde_intel", "action": "Обновление значения", "details": "АТТ Пиво: 28 + 14 = 42"}
{"time": "2025-06-05 20:12:49", "type": "DEBUG", "user_id": 1460567609, "username": "gde_intel", "action": "Обработка строки", "details": "Строка 3: АТТ ПД - 28"}
{"time": "2025-06-05 20:12:49", "type": "DEBUG", "user_id": null, "username": null, "action": "Поиск похожей категории", "details": "Найдено точное совпадение нормализованных имен: 'АТТ ПД' -> 'АТТ ПД'"}
{"time": "2025-06-05 20:12:49", "type": "DEBUG", "user_id": 1460567609, "username": "gde_intel", "action": "Обновление значения", "details": "АТТ ПД: 56 + 28 = 84"}
{"time": "2025-06-05 20:12:49", "type": "DEBUG", "user_id": 1460567609, "username": "gde_intel", "action": "Обработка строки", "details": "Строка 4: АТТ Шейк БА - 27"}
{"time": "2025-06-05 20:12:49", "type": "DEBUG", "user_id": null, "username": null, "action": "Поиск похожей категории", "details": "Найдено точное совпадение нормализованных имен: 'АТТ Шейк БА' -> 'АТТ Шейк БА'"}
{"time": "2025-06-05 20:12:49", "type": "DEBUG", "user_id": 1460567609, "username": "gde_intel", "action": "Обновление значения", "details": "АТТ Шейк БА: 54 + 27 = 81"}
{"time": "2025-06-05 20:12:49", "type": "DEBUG", "user_id": 1460567609, "username": "gde_intel", "action": "Обработка строки", "details": "Строка 5: АТТ Моджо - 36"}
{"time": "2025-06-05 20:12:49", "type": "DEBUG", "user_id": null, "username": null, "action": "Поиск похожей категории", "details": "Найдено точное совпадение нормализованных имен: 'АТТ Моджо' -> 'АТТ Моджо'"}
{"time": "2025-06-05 20:12:49", "type": "DEBUG", "user_id": 1460567609, "username": "gde_intel", "action": "Обновление значения", "details": "АТТ Моджо: 72 + 36 = 108"}
{"time": "2025-06-05 20:12:49", "type": "DEBUG", "user_id": 1460567609, "username": "gde_intel", "action": "Обработка строки", "details": "Строка 6: Вал Пиво - 322"}
{"time": "2025-06-05 20:12:49", "type": "DEBUG", "user_id": null, "username": null, "action": "Поиск похожей категории", "details": "Найдено точное совпадение нормализованных имен: 'Вал Пиво' -> 'Вал Пиво'"}
{"time": "2025-06-05 20:12:49", "type": "DEBUG", "user_id": 1460567609, "username": "gde_intel", "action": "Обновление значения", "details": "Вал Пиво: 644 + 322 = 966"}
{"time": "2025-06-05 20:12:49", "type": "DEBUG", "user_id": 1460567609, "username": "gde_intel", "action": "Обработка строки", "details": "Строка 7: Вал Сидр - 24"}
{"time": "2025-06-05 20:12:49", "type": "DEBUG", "user_id": null, "username": null, "action": "Поиск похожей категории", "details": "Найдено точное совпадение нормализованных имен: 'Вал Сидр' -> 'Вал Сидр'"}
{"time": "2025-06-05 20:12:49", "type": "DEBUG", "user_id": 1460567609, "username": "gde_intel", "action": "Обновление значения", "details": "Вал Сидр: 48 + 24 = 72"}
{"time": "2025-06-05 20:12:49", "type": "DEBUG", "user_id": 1460567609, "username": "gde_intel", "action": "Обработка строки", "details": "Строка 8: Вал Вода - 702"}
{"time": "2025-06-05 20:12:49", "type": "DEBUG", "user_id": null, "username": null, "action": "Поиск похожей категории", "details": "Найдено точное совпадение нормализованных имен: 'Вал Вода' -> 'Вал Вода'"}
{"time": "2025-06-05 20:12:49", "type": "DEBUG", "user_id": 1460567609, "username": "gde_intel", "action": "Обновление значения", "details": "Вал Вода: 1404 + 702 = 2106"}
{"time": "2025-06-05 20:12:49", "type": "DEBUG", "user_id": 1460567609, "username": "gde_intel", "action": "Обработка строки", "details": "Строка 9: Вал Рево - 1399"}
{"time": "2025-06-05 20:12:49", "type": "DEBUG", "user_id": null, "username": null, "action": "Поиск похожей категории", "details": "Найдено точное совпадение нормализованных имен: 'Вал Рево' -> 'Вал Рево'"}
{"time": "2025-06-05 20:12:49", "type": "DEBUG", "user_id": 1460567609, "username": "gde_intel", "action": "Обновление значения", "details": "Вал Рево: 2798 + 1399 = 4197"}
{"time": "2025-06-05 20:12:49", "type": "DEBUG", "user_id": 1460567609, "username": "gde_intel", "action": "Обработка строки", "details": "Строка 10: Идеальные ТТ - 5"}
{"time": "2025-06-05 20:12:49", "type": "DEBUG", "user_id": null, "username": null, "action": "Поиск похожей категории", "details": "Найдено точное совпадение нормализованных имен: 'Идеальные ТТ' -> 'Идеальные ТТ'"}
{"time": "2025-06-05 20:12:49", "type": "DEBUG", "user_id": 1460567609, "username": "gde_intel", "action": "Обновление значения", "details": "Идеальные ТТ: 10 + 5 = 15"}
{"time": "2025-06-05 20:12:49", "type": "INFO", "user_id": 1460567609, "username": "gde_intel", "action": "Обработаны значения", "details": "Общий ВАЛ: 12464, АТТ Пиво: 14, АТТ ПД: 28, АТТ Шейк БА: 27, АТТ Моджо: 36, Вал Пиво: 322, Вал Сидр: 24, Вал Вода: 702, Вал Рево: 1399, Идеальные ТТ: 5"}
{"time": "2025-06-05 20:12:49", "type": "DEBUG", "user_id": 1460567609, "username": null, "action": "Состояние", "details": "Сообщений: 3, Категорий: 10"}
{"time": "2025-06-05 20:12:49", "type": "DEBUG", "user_id": 1460567609, "username": null, "action": "Значения", "details": "Общий ВАЛ=37392, АТТ Пиво=42, АТТ ПД=84, АТТ Шейк БА=81, АТТ Моджо=108, Вал Пиво=966, Вал Сидр=72, Вал Вода=2106, Вал Рево=4197, Идеальные ТТ=15"}
{"time": "2025-06-05 20:12:50", "type": "MESSAGE", "user_id": 1460567609, "username": "gde_intel", "action": "Получено сообщение", "details": "Текст: Общий ВАЛ - 12464\nАТТ Пиво - 14\nАТТ ПД - 28\nАТТ Шейк БА - 27\nАТТ Моджо - 36\nВал Пиво - 322\nВал Сидр - 24\nВал Вода - 702\nВал Рево - 1399\nИдеальные ТТ - 5"}
{"time": "2025-06-05 20:12:50", "type": "DEBUG", "user_id": 1460567609, "username": "gde_intel", "action": "Разбор сообщения", "details": "Количество строк: 10"}
{"time": "2025-06-05 20:12:50", "type": "DEBUG", "user_id": 1460567609, "username": "gde_intel", "action": "Обработка строки", "details": "Строка 1: Общий ВАЛ - 12464"}
{"time": "2025-06-05 20:12:50", "type": "DEBUG", "user_id": null, "username": null, "action": "Поиск похожей категории", "details": "Найдено точное совпадение нормализованных имен: 'Общий ВАЛ' -> 'Общий ВАЛ'"}
{"time": "2025-06-05 20:12:50", "type": "DEBUG", "user_id": 1460567609, "username": "gde_intel", "action": "Обновление значения", "details": "Общий ВАЛ: 37392 + 12464 = 49856"}
{"time": "2025-06-05 20:12:50", "type": "DEBUG", "user_id": 1460567609, "username": "gde_intel", "action": "Обработка строки", "details": "Строка 2: АТТ Пиво - 14"}
{"time": "2025-06-05 20:12:50", "type": "DEBUG", "user_id": null, "username": null, "action": "Поиск похожей категории", "details": "Найдено точное совпадение нормализованных имен: 'АТТ Пиво' -> 'АТТ Пиво'"}
{"time": "2025-06-05 20:12:50", "type": "DEBUG", "user_id": 1460567609, "username": "gde_intel", "action": "Обновление значения", "details": "АТТ Пиво: 42 + 14 = 56"}
{"time": "2025-06-05 20:12:50", "type": "DEBUG", "user_id": 1460567609, "username": "gde_intel", "action": "Обработка строки", "details": "Строка 3: АТТ ПД - 28"}
{"time": "2025-06-05 20:12:50", "type": "DEBUG", "user_id": null, "username": null, "action": "Поиск похожей категории", "details": "Найдено точное совпадение нормализованных имен: 'АТТ ПД' -> 'АТТ ПД'"}
{"time": "2025-06-05 20:12:50", "type": "DEBUG", "user_id": 1460567609, "username": "gde_intel", "action": "Обновление значения", "details": "АТТ ПД: 84 + 28 = 112"}
{"time": "2025-06-05 20:12:50", "type": "DEBUG", "user_id": 1460567609, "username": "gde_intel", "action": "Обработка строки", "details": "Строка 4: АТТ Шейк БА - 27"}
{"time": "2025-06-05 20:12:50", "type": "DEBUG", "user_id": null, "username": null, "action": "Поиск похожей категории", "details": "Найдено точное совпадение нормализованных имен: 'АТТ Шейк БА' -> 'АТТ Шейк БА'"}
{"time": "2025-06-05 20:12:50", "type": "DEBUG", "user_id": 1460567609, "username": "gde_intel", "action": "Обновление значения", "details": "АТТ Шейк БА: 81 + 27 = 108"}
{"time": "2025-06-05 20:12:50", "type": "DEBUG", "user_id": 1460567609, "username": "gde_intel", "action": "Обработка строки", "details": "Строка 5: АТТ Моджо - 36"}
{"time": "2025-06-05 20:12:50", "type": "DEBUG", "user_id": null, "username": null, "action": "Поиск похожей категории", "details": "Найдено точное совпадение нормализованных имен: 'АТТ Моджо' -> 'АТТ Моджо'"}
{"time": "2025-06-05 20:12:50", "type": "DEBUG", "user_id": 1460567609, "username": "gde_intel", "action": "Обновление значения", "details": "АТТ Моджо: 108 + 36 = 144"}
{"time": "2025-06-05 20:12:50", "type": "DEBUG", "user_id": 1460567609, "username": "gde_intel", "action": "Обработка строки", "details": "Строка 6: Вал Пиво - 322"}
{"time": "2025-06-05 20:12:50", "type": "DEBUG", "user_id": null, "username": null, "action": "Поиск похожей категории", "details": "Найдено точное совпадение нормализованных имен: 'Вал Пиво' -> 'Вал Пиво'"}
{"time": "2025-06-05 20:12:50", "type": "DEBUG", "user_id": 1460567609, "username": "gde_intel", "action": "Обновление значения", "details": "Вал Пиво: 966 + 322 = 1288"}
{"time": "2025-06-05 20:12:50", "type": "DEBUG", "user_id": 1460567609, "username": "gde_intel", "action": "Обработка строки", "details": "Строка 7: Вал Сидр - 24"}
{"time": "2025-06-05 20:12:50", "type": "DEBUG", "user_id": null, "username": null, "action": "Поиск похожей категории", "details": "Найдено точное совпадение нормализованных имен: 'Вал Сидр' -> 'Вал Сидр'"}
{"time": "2025-06-05 20:12:50", "type": "DEBUG", "user_id": 1460567609, "username": "gde_intel", "action": "Обновление значения", "details": "Вал Сидр: 72 + 24 = 96"}
{"time": "2025-06-05 20:12:50", "type": "DEBUG", "user_id": 1460567609, "username": "gde_intel", "action": "Обработка строки", "details": "Строка 8: Вал Вода - 702"}
{"time": "2025-06-05 20:12:50", "type": "DEBUG", "user_id": null, "username": null, "action": "Поиск похожей категории", "details": "Найдено точное совпадение нормализованных имен: 'Вал Вода' -> 'Вал Вода'"}
{"time": "2025-06-05 20:12:50", "type": "DEBUG", "user_id": 1460567609, "username": "gde_intel", "action": "Обновление значения", "details": "Вал Вода: 2106 + 702 = 2808"}
{"time": "2025-06-05 20:12:50", "type": "DEBUG", "user_id": 1460567609, "username": "gde_intel", "action": "Обработка строки", "details": "Строка 9: Вал Рево - 1399"}
{"time": "2025-06-05 20:12:50", "type": "DEBUG", "user_id": null, "username": null, "action": "Поиск похожей категории", "details": "Найдено точное совпадение нормализованных имен: 'Вал Рево' -> 'Вал Рево'"}
{"time": "2025-06-05 20:12:50", "type": "DEBUG", "user_id": 1460567609, "username": "gde_intel", "action": "Обновление значения", "details": "Вал Рево: 4197 + 1399 = 5596"}
{"time": "2025-06-05 20:12:50", "type": "DEBUG", "user_id": 1460567609, "username": "gde_intel", "action": "Обработка строки", "details": "Строка 10: Идеальные ТТ - 5"}
{"time": "2025-06-05 20:12:50", "type": "DEBUG", "user_id": null, "username": null, "action": "Поиск похожей категории", "details": "Найдено точное совпадение нормализованных имен: 'Идеальные ТТ' -> 'Идеальные ТТ'"}
{"time": "2025-06-05 20:12:50", "type": "DEBUG", "user_id": 1460567609, "username": "gde_intel", "action": "Обновление значения", "details": "Идеальные ТТ: 15 + 5 = 20"}
{"time": "2025-06-05 20:12:50", "type": "INFO", "user_id": 1460567609, "username": "gde_intel", "action": "Обработаны значения", "details": "Общий ВАЛ: 12464, АТТ Пиво: 14, АТТ ПД: 28, АТТ Шейк БА: 27, АТТ Моджо: 36, Вал Пиво: 322, Вал Сидр: 24, Вал Вода: 702, Вал Рево: 1399, Идеальные ТТ: 5"}
{"time": "2025-06-05 20:12:50", "type": "DEBUG", "user_id": 1460567609, "username": null, "action": "Состояние", "details": "Сообщений: 4, Категорий: 10"}
{"time": "2025-06-05 20:12:50", "type": "DEBUG", "user_id": 1460567609, "username": null, "action": "Значения", "details": "Общий ВАЛ=49856, АТТ Пиво=56, АТТ ПД=112, АТТ Шейк БА=108, АТТ Моджо=144, Вал Пиво=1288, Вал Сидр=96, Вал Вода=2808, Вал Рево=5596, Идеальные ТТ=20"}
{"time": "2025-06-05 20:12:52", "type": "MESSAGE", "user_id": 1460567609, "username": "gde_intel", "action": "Получено сообщение", "details": "Текст: Общий ВАЛ - 12464\nАТТ Пиво - 14\nАТТ ПД - 28\nАТТ Шейк БА - 27\nАТТ Моджо - 36\nВал Пиво - 322\nВал Сидр - 24\nВал Вода - 702\nВал Рево - 1399\nИдеальные ТТ - 5"}
{"time": "2025-06-05 20:12:52", "type": "DEBUG", "user_id": 1460567609, "username": "gde_intel", "action": "Разбор сообщения", "details": "Количество строк: 10"}
{"time": "2025-06-05 20:12:52", "type": "DEBUG", "user_id": 1460567609, "username": "gde_intel", "action": "Обработка строки", "details": "Строка 1: Общий ВАЛ - 12464"}
{"time": "2025-06-05 20:12:52", "type": "DEBUG", "user_id": null, "username": null, "action": "Поиск похожей категории", "details": "Найдено точное совпадение нормализованных имен: 'Общий ВАЛ' -> 'Общий ВАЛ'"}
{"time": "2025-06-05 20:12:52", "type": "DEBUG", "user_id": 1460567609, "username": "gde_intel", "action": "Обновление значения", "details": "Общий ВАЛ: 49856 + 12464 = 62320"}
{"time": "2025-06-05 20:12:52", "type": "DEBUG", "user_id": 1460567609, "username": "gde_intel", "action": "Обработка строки", "details": "Строка 2: АТТ Пиво - 14"}
{"time": "2025-06-05 20:12:52", "type": "DEBUG", "user_id": null, "username": null, "action": "Поиск похожей категории", "details": "Найдено точное совпадение нормализованных имен: 'АТТ Пиво' -> 'АТТ Пиво'"}
{"time": "2025-06-05 20:12:52", "type": "DEBUG", "user_id": 1460567609, "username": "gde_intel", "action": "Обновление значения", "details": "АТТ Пиво: 56 + 14 = 70"}
{"time": "2025-06-05 20:12:52", "type": "DEBUG", "user_id": 1460567609, "username": "gde_intel", "action": "Обработка строки", "details": "Строка 3: АТТ ПД - 28"}
{"time": "2025-06-05 20:12:52", "type": "DEBUG", "user_id": null, "username": null, "action": "Поиск похожей категории", "details": "Найдено точное совпадение нормализованных имен: 'АТТ ПД' -> 'АТТ ПД'"}
{"time": "2025-06-05 20:12:52", "type": "DEBUG", "user_id": 1460567609, "username": "gde_intel", "action": "Обновление значения", "details": "АТТ ПД: 112 + 28 = 140"}
{"time": "2025-06-05 20:12:52", "type": "DEBUG", "user_id": 1460567609, "username": "gde_intel", "action": "Обработка строки", "details": "Строка 4: АТТ Шейк БА - 27"}
{"time": "2025-06-05 20:12:52", "type": "DEBUG", "user_id": null, "username": null, "action": "Поиск похожей категории", "details": "Найдено точное совпадение нормализованных имен: 'АТТ Шейк БА' -> 'АТТ Шейк БА'"}
{"time": "2025-06-05 20:12:52", "type": "DEBUG", "user_id": 1460567609, "username": "gde_intel", "action": "Обновление значения", "details": "АТТ Шейк БА: 108 + 27 = 135"}
{"time": "2025-06-05 20:12:52", "type": "DEBUG", "user_id": 1460567609, "username": "gde_intel", "action": "Обработка строки", "details": "Строка 5: АТТ Моджо - 36"}
{"time": "2025-06-05 20:12:52", "type": "DEBUG", "user_id": null, "username": null, "action": "Поиск похожей категории", "details": "Найдено точное совпадение нормализованных имен: 'АТТ Моджо' -> 'АТТ Моджо'"}
{"time": "2025-06-05 20:12:52", "type": "DEBUG", "user_id": 1460567609, "username": "gde_intel", "action": "Обновление значения", "details": "АТТ Моджо: 144 + 36 = 180"}
{"time": "2025-06-05 20:12:52", "type": "DEBUG", "user_id": 1460567609, "username": "gde_intel", "action": "Обработка строки", "details": "Строка 6: Вал Пиво - 322"}
{"time": "2025-06-05 20:12:52", "type": "DEBUG", "user_id": null, "username": null, "action": "Поиск похожей категории", "details": "Найдено точное совпадение нормализованных имен: 'Вал Пиво' -> 'Вал Пиво'"}
{"time": "2025-06-05 20:12:52", "type": "DEBUG", "user_id": 1460567609, "username": "gde_intel", "action": "Обновление значения", "details": "Вал Пиво: 1288 + 322 = 1610"}
{"time": "2025-06-05 20:12:52", "type": "DEBUG", "user_id": 1460567609, "username": "gde_intel", "action": "Обработка строки", "details": "Строка 7: Вал Сидр - 24"}
{"time": "2025-06-05 20:12:52", "type": "DEBUG", "user_id": null, "username": null, "action": "Поиск похожей категории", "details": "Найдено точное совпадение нормализованных имен: 'Вал Сидр' -> 'Вал Сидр'"}
{"time": "2025-06-05 20:12:52", "type": "DEBUG", "user_id": 1460567609, "username": "gde_intel", "action": "Обновление значения", "details": "Вал Сидр: 96 + 24 = 120"}
{"time": "2025-06-05 20:12:52", "type": "DEBUG", "user_id": 1460567609, "username": "gde_intel", "action": "Обработка строки", "details": "Строка 8: Вал Вода - 702"}
{"time": "2025-06-05 20:12:52", "type": "DEBUG", "user_id": null, "username": null, "action": "Поиск похожей категории", "details": "Найдено точное совпадение нормализованных имен: 'Вал Вода' -> 'Вал Вода'"}
{"time": "2025-06-05 20:12:52", "type": "DEBUG", "user_id": 1460567609, "username": "gde_intel", "action": "Обновление значения", "details": "Вал Вода: 2808 + 702 = 3510"}
{"time": "2025-06-05 20:12:52", "type": "DEBUG", "user_id": 1460567609, "username": "gde_intel", "action": "Обработка строки", "details": "Строка 9: Вал Рево - 1399"}
{"time": "2025-06-05 20:12:52", "type": "DEBUG", "user_id": null, "username": null, "action": "Поиск похожей категории", "details": "Найдено точное совпадение нормализованных имен: 'Вал Рево' -> 'Вал Рево'"}
{"time": "2025-06-05 20:12:52", "type": "DEBUG", "user_id": 1460567609, "username": "gde_intel", "action": "Обновление значения", "details": "Вал Рево: 5596 + 1399 = 6995"}
{"time": "2025-06-05 20:12:52", "type": "DEBUG", "user_id": 1460567609, "username": "gde_intel", "action": "Обработка строки", "details": "Строка 10: Идеальные ТТ - 5"}
{"time": "2025-06-05 20:12:52", "type": "DEBUG", "user_id": null, "username": null, "action": "Поиск похожей категории", "details": "Найдено точное совпадение нормализованных имен: 'Идеальные ТТ' -> 'Идеальные ТТ'"}
{"time": "2025-06-05 20:12:52", "type": "DEBUG", "user_id": 1460567609, "username": "gde_intel", "action": "Обновление значения", "details": "Идеальные ТТ: 20 + 5 = 25"}
{"time": "2025-06-05 20:12:52", "type": "INFO", "user_id": 1460567609, "username": "gde_intel", "action": "Обработаны значения", "details": "Общий ВАЛ: 12464, АТТ Пиво: 14, АТТ ПД: 28, АТТ Шейк БА: 27, АТТ Моджо: 36, Вал Пиво: 322, Вал Сидр: 24, Вал Вода: 702, Вал Рево: 1399, Идеальные ТТ: 5"}
{"time": "2025-06-05 20:12:52", "type": "DEBUG", "user_id": 1460567609, "username": null, "action": "Состояние", "details": "Сообщений: 5, Категорий: 10"}
{"time": "2025-06-05 20:12:52", "type": "DEBUG", "user_id": 1460567609, "username": null, "action": "Значения", "details": "Общий ВАЛ=62320, АТТ Пиво=70, АТТ ПД=140, АТТ Шейк БА=135, АТТ Моджо=180, Вал Пиво=1610, Вал Сидр=120, Вал Вода=3510, Вал Рево=6995, Идеальные ТТ=25"}
{"time": "2025-06-05 20:12:53", "type": "MESSAGE", "user_id": 1460567609, "username": "gde_intel", "action": "Получено сообщение", "details": "Текст: Общий ВАЛ - 12464\nАТТ Пиво - 14\nАТТ ПД - 28\nАТТ Шейк БА - 27\nАТТ Моджо - 36\nВал Пиво - 322\nВал Сидр - 24\nВал Вода - 702\nВал Рево - 1399\nИдеальные ТТ - 5"}
{"time": "2025-06-05 20:12:53", "type": "DEBUG", "user_id": 1460567609, "username": "gde_intel", "action": "Разбор сообщения", "details": "Количество строк: 10"}
{"time": "2025-06-05 20:12:53", "type": "DEBUG", "user_id": 1460567609, "username": "gde_intel", "action": "Обработка строки", "details": "Строка 1: Общий ВАЛ - 12464"}
{"time": "2025-06-05 20:12:53", "type": "DEBUG", "user_id": null, "username": null, "action": "Поиск похожей категории", "details": "Найдено точное совпадение нормализованных имен: 'Общий ВАЛ' -> 'Общий ВАЛ'"}
{"time": "2025-06-05 20:12:53", "type": "DEBUG", "user_id": 1460567609, "username": "gde_intel", "action": "Обновление значения", "details": "Общий ВАЛ: 62320 + 12464 = 74784"}
{"time": "2025-06-05 20:12:53", "type": "DEBUG", "user_id": 1460567609, "username": "gde_intel", "action": "Обработка строки", "details": "Строка 2: АТТ Пиво - 14"}
{"time": "2025-06-05 20:12:53", "type": "DEBUG", "user_id": null, "username": null, "action": "Поиск похожей категории", "details": "Найдено точное совпадение нормализованных имен: 'АТТ Пиво' -> 'АТТ Пиво'"}
{"time": "2025-06-05 20:12:53", "type": "DEBUG", "user_id": 1460567609, "username": "gde_intel", "action": "Обновление значения", "details": "АТТ Пиво: 70 + 14 = 84"}
{"time": "2025-06-05 20:12:53", "type": "DEBUG", "user_id": 1460567609, "username": "gde_intel", "action": "Обработка строки", "details": "Строка 3: АТТ ПД - 28"}
{"time": "2025-06-05 20:12:53", "type": "DEBUG", "user_id": null, "username": null, "action": "Поиск похожей категории", "details": "Найдено точное совпадение нормализованных имен: 'АТТ ПД' -> 'АТТ ПД'"}
{"time": "2025-06-05 20:12:53", "type": "DEBUG", "user_id": 1460567609, "username": "gde_intel", "action": "Обновление значения", "details": "АТТ ПД: 140 + 28 = 168"}
{"time": "2025-06-05 20:12:53", "type": "DEBUG", "user_id": 1460567609, "username": "gde_intel", "action": "Обработка строки", "details": "Строка 4: АТТ Шейк БА - 27"}
{"time": "2025-06-05 20:12:53", "type": "DEBUG", "user_id": null, "username": null, "action": "Поиск похожей категории", "details": "Найдено точное совпадение нормализованных имен: 'АТТ Шейк БА' -> 'АТТ Шейк БА'"}
{"time": "2025-06-05 20:12:53", "type": "DEBUG", "user_id": 1460567609, "username": "gde_intel", "action": "Обновление значения", "details": "АТТ Шейк БА: 135 + 27 = 162"}
{"time": "2025-06-05 20:12:53", "type": "DEBUG", "user_id": 1460567609, "username": "gde_intel", "action": "Обработка строки", "details": "Строка 5: АТТ Моджо - 36"}
{"time": "2025-06-05 20:12:53", "type": "DEBUG", "user_id": null, "username": null, "action": "Поиск похожей категории", "details": "Найдено точное совпадение нормализованных имен: 'АТТ Моджо' -> 'АТТ Моджо'"}
{"time": "2025-06-05 20:12:53", "type": "DEBUG", "user_id": 1460567609, "username": "gde_intel", "action": "Обновление значения", "details": "АТТ Моджо: 180 + 36 = 216"}
{"time": "2025-06-05 20:12:53", "type": "DEBUG", "user_id": 1460567609, "username": "gde_intel", "action": "Обработка строки", "details": "Строка 6: Вал Пиво - 322"}
{"time": "2025-06-05 20:12:53", "type": "DEBUG", "user_id": null, "username": null, "action": "Поиск похожей категории", "details": "Найдено точное совпадение нормализованных имен: 'Вал Пиво' -> 'Вал Пиво'"}
{"time": "2025-06-05 20:12:53", "type": "DEBUG", "user_id": 1460567609, "username": "gde_intel", "action": "Обновление значения", "details": "Вал Пиво: 1610 + 322 = 1932"}
{"time": "2025-06-05 20:12:53", "type": "DEBUG", "user_id": 1460567609, "username": "gde_intel", "action": "Обработка строки", "details": "Строка 7: Вал Сидр - 24"}
{"time": "2025-06-05 20:12:53", "type": "DEBUG", "user_id": null, "username": null, "action": "Поиск похожей категории", "details": "Найдено точное совпадение нормализованных имен: 'Вал Сидр' -> 'Вал Сидр'"}
{"time": "2025-06-05 20:12:53", "type": "DEBUG", "user_id": 1460567609, "username": "gde_intel", "action": "Обновление значения", "details": "Вал Сидр: 120 + 24 = 144"}
{"time": "2025-06-05 20:12:53", "type": "DEBUG", "user_id": 1460567609, "username": "gde_intel", "action": "Обработка строки", "details": "Строка 8: Вал Вода - 702"}
{"time": "2025-06-05 20:12:53", "type": "DEBUG", "user_id": null, "username": null, "action": "Поиск похожей категории", "details": "Найдено точное совпадение нормализованных имен: 'Вал Вода' -> 'Вал Вода'"}
{"time": "2025-06-05 20:12:53", "type": "DEBUG", "user_id": 1460567609, "username": "gde_intel", "action": "Обновление значения", "details": "Вал Вода: 3510 + 702 = 4212"}
{"time": "2025-06-05 20:12:53", "type": "DEBUG", "user_id": 1460567609, "username": "gde_intel", "action": "Обработка строки", "details": "Строка 9: Вал Рево - 1399"}
{"time": "2025-06-05 20:12:53", "type": "DEBUG", "user_id": null, "username": null, "action": "Поиск похожей категории", "details": "Найдено точное совпадение нормализованных имен: 'Вал Рево' -> 'Вал Рево'"}
{"time": "2025-06-05 20:12:53", "type": "DEBUG", "user_id": 1460567609, "username": "gde_intel", "action": "Обновление значения", "details": "Вал Рево: 6995 + 1399 = 8394"}
{"time": "2025-06-05 20:12:53", "type": "DEBUG", "user_id": 1460567609, "username": "gde_intel", "action": "Обработка строки", "details": "Строка 10: Идеальные ТТ - 5"}
{"time": "2025-06-05 20:12:53", "type": "DEBUG", "user_id": null, "username": null, "action": "Поиск похожей категории", "details": "Найдено точное совпадение нормализованных имен: 'Идеальные ТТ' -> 'Идеальные ТТ'"}
{"time": "2025-06-05 20:12:53", "type": "DEBUG", "user_id": 1460567609, "username": "gde_intel", "action": "Обновление значения", "details": "Идеальные ТТ: 25 + 5 = 30"}
{"time": "2025-06-05 20:12:53", "type": "INFO", "user_id": 1460567609, "username": "gde_intel", "action": "Обработаны значения", "details": "Общий ВАЛ: 12464, АТТ Пиво: 14, АТТ ПД: 28, АТТ Шейк БА: 27, АТТ Моджо: 36, Вал Пиво: 322, Вал Сидр: 24, Вал Вода: 702, Вал Рево: 1399, Идеальные ТТ: 5"}
{"time": "2025-06-05 20:12:53", "type": "DEBUG", "user_id": 1460567609, "username": null, "action": "Состояние", "details": "Сообщений: 6, Категорий: 10"}
{"time": "2025-06-05 20:12:53", "type": "DEBUG", "user_id": 1460567609, "username": null, "action": "Значения", "details": "Общий ВАЛ=74784, АТТ Пиво=84, АТТ ПД=168, АТТ Шейк БА=162, АТТ Моджо=216, Вал Пиво=1932, Вал Сидр=144, Вал Вода=4212, Вал Рево=8394, Идеальные ТТ=30"}
{"time": "2025-06-05 20:12:53", "type": "INFO", "user_id": 1460567609, "username": "gde_intel", "action": "Достигнут лимит сообщений", "details": "6 из 6"}
{"time": "2025-06-05 20:13:28", "type": "COMMAND", "user_id": 1460567609, "username": "gde_intel", "action": "Нажата кнопка 'Инструкция'", "details": null}
{"time": "2025-06-05 20:13:29", "type": "COMMAND", "user_id": 1460567609, "username": "gde_intel", "action": "Переход в раздел 'QR Коды'", "details": null}
{"time": "2025-06-05 20:13:31", "type": "INFO", "user_id": 1460567609, "username": "gde_intel", "action": "Запрос списка QR", "details": "Список пуст"}
{"time": "2025-06-05 20:13:33", "type": "COMMAND", "user_id": 1460567609, "username": "gde_intel", "action": "Возврат в главное меню из QR", "details": null}
{"time": "2025-06-05 20:13:35", "type": "COMMAND", "user_id": 1460567609, "username": "gde_intel", "action": "Нажата кнопка 'Инструкция'", "details": null}
{"time": "2025-06-05 20:14:07", "type": "COMMAND", "user_id": 1460567609, "username": "gde_intel", "action": "Выполнена команда /start", "details": null}
